This file contains any messages produced by compilers while
running configure, to aid debugging if configure makes a mistake.

configure:554: checking for a BSD compatible install
configure:607: checking whether build environment is sane
configure:664: checking whether make sets ${MAKE}
configure:710: checking for working aclocal
configure:723: checking for working autoconf
configure:736: checking for working automake
configure:749: checking for working autoheader
configure:762: checking for working makeinfo
configure:782: checking for gcc
configure:859: checking whether the C compiler (gcc  ) works
configure:873: gcc -o conftest    conftest.c  1>&5
configure:870:1: warning: return type defaults to 'int' [-Wimplicit-int]
  870 | main(){return(0);}
      | ^~~~
configure:893: checking whether the C compiler (gcc  ) is a cross-compiler
configure:898: checking whether we are using GNU C
configure:922: checking whether gcc accepts -g
configure:951: checking how to run the C preprocessor
configure:1012: checking for ANSI C header files
configure:1119: checking for fcntl.h
configure:1119: checking for unistd.h
configure:1119: checking for malloc.h
configure:1159: checking for snprintf
configure:1214: checking return type of signal handlers
configure:1255: checking for vprintf
configure:1365: checking for curses.h
configure:1365: checking for ncurses.h
configure:1404: checking for tgetent in -lncurses
